Build started 22/05/2015 12:02:14.
     1>Project "C:\Users\Dan\Documents\Visual Studio 2012\Projects\lorenzCipher12009019\lorenzCipher12009019\lorenzCipher12009019.vcxproj" on node 2 (Build target(s)).
     1>ClCompile:
         C:\Program Files (x86)\Microsoft Visual Studio 12.0\VC\bin\CL.exe /c /ZI /nologo /W3 /WX- /sdl /Od /Oy- /D WIN32 /D _DEBUG /D _CONSOLE /D _UNICODE /D UNICODE /Gm /EHsc /RTC1 /MDd /GS /fp:precise /Zc:wchar_t /Zc:forScope /Yc"stdafx.h" /Fp"Debug\lorenzCipher12009019.pch" /Fo"Debug\\" /Fd"Debug\vc120.pdb" /Gd /TP /analyze- /errorReport:prompt stdafx.cpp
         stdafx.cpp
         C:\Program Files (x86)\Microsoft Visual Studio 12.0\VC\bin\CL.exe /c /ZI /nologo /W3 /WX- /sdl /Od /Oy- /D WIN32 /D _DEBUG /D _CONSOLE /D _UNICODE /D UNICODE /Gm /EHsc /RTC1 /MDd /GS /fp:precise /Zc:wchar_t /Zc:forScope /Yu"stdafx.h" /Fp"Debug\lorenzCipher12009019.pch" /Fo"Debug\\" /Fd"Debug\vc120.pdb" /Gd /TP /analyze- /errorReport:prompt convertMessageBaudot.cpp inputMessageAscii.cpp lorenzCipher12009019.cpp lorenzWheel.cpp
         lorenzWheel.cpp
         lorenzCipher12009019.cpp
         inputMessageAscii.cpp
         convertMessageBaudot.cpp
         Generating Code...
       Link:
         C:\Program Files (x86)\Microsoft Visual Studio 12.0\VC\bin\link.exe /ERRORREPORT:PROMPT /OUT:"C:\Users\Dan\Documents\Visual Studio 2012\Projects\lorenzCipher12009019\Debug\lorenzCipher12009019.exe" /INCREMENTAL /NOLOGO kernel32.lib user32.lib gdi32.lib winspool.lib comdlg32.lib advapi32.lib shell32.lib ole32.lib oleaut32.lib uuid.lib odbc32.lib odbccp32.lib /MANIFEST /MANIFESTUAC:"level='asInvoker' uiAccess='false'" /manifest:embed /DEBUG /PDB:"C:\Users\Dan\Documents\Visual Studio 2012\Projects\lorenzCipher12009019\Debug\lorenzCipher12009019.pdb" /SUBSYSTEM:CONSOLE /TLBID:1 /DYNAMICBASE /NXCOMPAT /IMPLIB:"C:\Users\Dan\Documents\Visual Studio 2012\Projects\lorenzCipher12009019\Debug\lorenzCipher12009019.lib" /MACHINE:X86 Debug\convertMessageBaudot.obj
         Debug\inputMessageAscii.obj
         Debug\lorenzCipher12009019.obj
         Debug\lorenzWheel.obj
         Debug\stdafx.obj
         lorenzCipher12009019.vcxproj -> C:\Users\Dan\Documents\Visual Studio 2012\Projects\lorenzCipher12009019\Debug\lorenzCipher12009019.exe
     1>Done Building Project "C:\Users\Dan\Documents\Visual Studio 2012\Projects\lorenzCipher12009019\lorenzCipher12009019\lorenzCipher12009019.vcxproj" (Build target(s)).

Build succeeded.

Time Elapsed 00:00:07.32
